{
  "RSpec": {
    "coverage": {
      "/Users/he9qi/Projects/piggy/we_whisper/lib/we_whisper.rb": [
        1,
        1,
        1,
        1,
        1,
        null
      ],
      "/Users/he9qi/Projects/piggy/we_whisper/lib/we_whisper/cipher.rb": [
        null,
        null,
        1,
        1,
        1,
        null,
        1,
        1,
        null,
        1,
        1,
        null,
        1,
        2,
        2,
        null,
        2,
        2,
        2,
        2,
        null,
        2,
        null,
        null,
        1,
        2,
        2,
        null,
        2,
        2,
        2,
        2,
        null,
        2,
        2,
        null,
        null,
        1,
        2,
        2,
        2,
        null,
        2,
        null,
        null,
        1,
        2,
        2,
        2,
        2,
        null,
        2,
        null,
        null,
        1,
        null,
        1,
        2,
        2,
        2,
        2,
        2,
        null,
        null,
        1,
        4,
        null,
        4,
        4,
        null,
        null,
        null
      ],
      "/Users/he9qi/Projects/piggy/we_whisper/lib/we_whisper/signature.rb": [
        1,
        null,
        1,
        1,
        1,
        3,
        null,
        null,
        null,
        null
      ],
      "/Users/he9qi/Projects/piggy/we_whisper/lib/we_whisper/message.rb": [
        1,
        null,
        1,
        null,
        1,
        null,
        1,
        1,
        null,
        1,
        null,
        2,
        null,
        null,
        null,
        null,
        null,
        null,
        1,
        5,
        null,
        3,
        3,
        null,
        1,
        null,
        1,
        null,
        null,
        null,
        1,
        4,
        null,
        null,
        1,
        1,
        null,
        null,
        null,
        null
      ],
      "/Users/he9qi/Projects/piggy/we_whisper/lib/we_whisper/whisper.rb": [
        1,
        null,
        1,
        1,
        1,
        1,
        null,
        1,
        1,
        1,
        null,
        1,
        1,
        null,
        1,
        null,
        1,
        2,
        null,
        null,
        null,
        null,
        2,
        2,
        2,
        null,
        null,
        1,
        null,
        1,
        null,
        null,
        null,
        1,
        1,
        1,
        null,
        null,
        null,
        1,
        null,
        null,
        1,
        1,
        null,
        null,
        1,
        null,
        null,
        1,
        null,
        1,
        null,
        null,
        1,
        null,
        null,
        1,
        null,
        null,
        null,
        null
      ],
      "/Users/he9qi/Projects/piggy/we_whisper/lib/we_whisper/cryptor.rb": [
        1,
        null,
        1,
        1,
        1,
        null,
        1,
        null,
        1,
        2,
        null,
        null,
        1,
        2,
        null,
        null,
        1,
        4,
        4,
        null,
        null,
        1,
        null,
        null,
        null,
        2,
        null,
        null,
        1,
        null,
        null,
        null,
        2,
        null,
        null,
        1,
        null,
        1,
        2,
        2,
        null,
        null,
        1,
        2,
        2,
        null,
        null,
        1,
        2,
        2,
        null,
        null,
        null,
        1,
        2,
        2,
        null,
        null,
        null,
        1,
        2,
        2,
        null,
        null,
        null,
        1,
        2,
        2,
        null,
        null,
        null,
        null
      ],
      "/Users/he9qi/Projects/piggy/we_whisper/spec/we_whisper/message_spec.rb": [
        1,
        null,
        1,
        null,
        1,
        1,
        null,
        null,
        null,
        null,
        null,
        null,
        null,
        null,
        1,
        2,
        1,
        null,
        1,
        null,
        null,
        1,
        1,
        null,
        null,
        null,
        1,
        1,
        null,
        null,
        null,
        1,
        2,
        null,
        null,
        null,
        null,
        null
      ],
      "/Users/he9qi/Projects/piggy/we_whisper/spec/we_whisper/signature_spec.rb": [
        1,
        null,
        1,
        null,
        2,
        2,
        2,
        2,
        2,
        null,
        1,
        1,
        null,
        null,
        null
      ],
      "/Users/he9qi/Projects/piggy/we_whisper/spec/we_whisper/whisper_spec.rb": [
        1,
        null,
        1,
        null,
        3,
        3,
        1,
        3,
        3,
        1,
        null,
        null,
        null,
        null,
        null,
        2,
        null,
        null,
        1,
        1,
        1,
        null,
        null,
        1,
        1,
        1,
        null,
        1,
        null,
        null,
        null
      ]
    },
    "timestamp": 1475628420
  }
}
